<?xml version="1.0" encoding="UTF-8"?>
<testng-results skipped="0" failed="0" ignored="0" total="2" passed="2">
  <reporter-output>
  </reporter-output>
  <suite name="Suite" duration-ms="12721" started-at="2023-03-27T22:08:43 IST" finished-at="2023-03-27T22:08:55 IST">
    <groups>
    </groups>
    <test name="chromebrowser" duration-ms="10808" started-at="2023-03-27T22:08:43 IST" finished-at="2023-03-27T22:08:53 IST">
      <class name="Test.CrossBrowserTesting">
        <test-method status="PASS" signature="main(java.lang.String)[pri:0, instance:Test.CrossBrowserTesting@1f554b06]" name="main" duration-ms="10737" started-at="2023-03-27T22:08:43 IST" finished-at="2023-03-27T22:08:53 IST">
          <params>
            <param index="0">
              <value>
                <![CDATA[chrome]]>
              </value>
            </param>
          </params>
          <reporter-output>
          </reporter-output>
        </test-method> <!-- main -->
      </class> <!-- Test.CrossBrowserTesting -->
    </test> <!-- chromebrowser -->
    <test name="edgebrowser" duration-ms="12721" started-at="2023-03-27T22:08:43 IST" finished-at="2023-03-27T22:08:55 IST">
      <class name="Test.CrossBrowserTesting">
        <test-method status="PASS" signature="main(java.lang.String)[pri:0, instance:Test.CrossBrowserTesting@27a8c74e]" name="main" duration-ms="12666" started-at="2023-03-27T22:08:43 IST" finished-at="2023-03-27T22:08:55 IST">
          <params>
            <param index="0">
              <value>
                <![CDATA[edge]]>
              </value>
            </param>
          </params>
          <reporter-output>
          </reporter-output>
        </test-method> <!-- main -->
      </class> <!-- Test.CrossBrowserTesting -->
    </test> <!-- edgebrowser -->
  </suite> <!-- Suite -->
</testng-results>
